[01-Apr-2025 22:25:56 UTC] PHP Warning:  Undefined array key "host" in /workspaces/UX221Assignment4/.wordpress/wp-includes/pluggable.php on line 1625
[02-Apr-2025 03:03:08 UTC] PHP Warning:  Attempt to read property "ID" on null in /workspaces/UX221Assignment4/.wordpress/wp-includes/rest-api/endpoints/class-wp-rest-autosaves-controller.php on line 167
[02-Apr-2025 03:03:08 UTC] PHP Warning:  Attempt to read property "ID" on null in /workspaces/UX221Assignment4/.wordpress/wp-includes/rest-api/endpoints/class-wp-rest-autosaves-controller.php on line 167
[02-Apr-2025 17:18:19 UTC] PHP Warning:  Undefined variable $parent_theme_name in /workspaces/UX221Assignment4/.wordpress/wp-content/mu-plugins/one-click-child-theme/templates/create_child_form.php on line 18
[02-Apr-2025 20:13:21 UTC] PHP Fatal error:  Out of memory (allocated 35651584) (tried to allocate 2097152 bytes) in /workspaces/UX221Assignment4/.wordpress/wp-content/plugins/ecommerce-product-catalog/ext-comp/index.php on line 22
[02-Apr-2025 20:13:24 UTC] PHP Fatal error:  Out of memory (allocated 33554432) (tried to allocate 2097152 bytes) in /workspaces/UX221Assignment4/.wordpress/wp-content/plugins/ecommerce-product-catalog/ext-comp/index.php on line 22
[02-Apr-2025 20:13:24 UTC] PHP Fatal error:  Out of memory (allocated 31457280) (tried to allocate 2097152 bytes) in /workspaces/UX221Assignment4/.wordpress/wp-content/plugins/ecommerce-product-catalog/ext-comp/index.php on line 22
[02-Apr-2025 20:13:24 UTC] PHP Fatal error:  Out of memory (allocated 31457280) (tried to allocate 2097152 bytes) in /workspaces/UX221Assignment4/.wordpress/wp-content/plugins/ecommerce-product-catalog/ext-comp/index.php on line 22
[02-Apr-2025 20:13:24 UTC] PHP Fatal error:  Out of memory (allocated 31457280) (tried to allocate 2097152 bytes) in /workspaces/UX221Assignment4/.wordpress/wp-content/plugins/ecommerce-product-catalog/functions/shortcodes.php on line 273
[02-Apr-2025 20:13:24 UTC] PHP Fatal error:  Out of memory (allocated 31457280) (tried to allocate 28672 bytes) in /workspaces/UX221Assignment4/.wordpress/wp-includes/PHPMailer/PHPMailer.php on line 2263
[02-Apr-2025 20:13:25 UTC] PHP Fatal error:  Out of memory (allocated 31457280) (tried to allocate 2097152 bytes) in /workspaces/UX221Assignment4/.wordpress/wp-content/plugins/ecommerce-product-catalog/ext-comp/index.php on line 19
[02-Apr-2025 20:13:27 UTC] PHP Fatal error:  Out of memory (allocated 31457280) (tried to allocate 2097152 bytes) in /workspaces/UX221Assignment4/.wordpress/wp-content/plugins/ecommerce-product-catalog/ext-comp/index.php on line 22
[02-Apr-2025 20:13:28 UTC] PHP Fatal error:  Out of memory (allocated 31457280) (tried to allocate 2097152 bytes) in /workspaces/UX221Assignment4/.wordpress/wp-content/plugins/ecommerce-product-catalog/ext-comp/index.php on line 22
[02-Apr-2025 20:13:29 UTC] PHP Fatal error:  Out of memory (allocated 31457280) (tried to allocate 2097152 bytes) in /workspaces/UX221Assignment4/.wordpress/wp-content/plugins/ecommerce-product-catalog/ext-comp/index.php on line 19
[02-Apr-2025 20:13:32 UTC] PHP Fatal error:  Out of memory (allocated 31457280) (tried to allocate 2097152 bytes) in /workspaces/UX221Assignment4/.wordpress/wp-content/plugins/ecommerce-product-catalog/functions/shortcodes.php on line 273
[02-Apr-2025 20:13:33 UTC] PHP Fatal error:  Out of memory (allocated 31457280) (tried to allocate 2097152 bytes) in /workspaces/UX221Assignment4/.wordpress/wp-content/plugins/ecommerce-product-catalog/functions/shortcodes.php on line 297
[02-Apr-2025 20:13:35 UTC] PHP Fatal error:  Out of memory (allocated 31457280) (tried to allocate 2097152 bytes) in /workspaces/UX221Assignment4/.wordpress/wp-content/plugins/ecommerce-product-catalog/functions/functions.php on line 1219
[02-Apr-2025 20:15:33 UTC] PHP Fatal error:  Out of memory (allocated 31457280) (tried to allocate 2097152 bytes) in /workspaces/UX221Assignment4/.wordpress/wp-content/plugins/ecommerce-product-catalog/ext-comp/index.php on line 34
[02-Apr-2025 20:18:19 UTC] PHP Fatal error:  Out of memory (allocated 31457280) (tried to allocate 2097152 bytes) in /workspaces/UX221Assignment4/.wordpress/wp-content/plugins/ecommerce-product-catalog/ext-comp/index.php on line 34
[02-Apr-2025 20:19:48 UTC] PHP Fatal error:  Out of memory (allocated 31457280) (tried to allocate 2097152 bytes) in /workspaces/UX221Assignment4/.wordpress/wp-content/plugins/ecommerce-product-catalog/ext-comp/index.php on line 34
[02-Apr-2025 20:28:46 UTC] PHP Fatal error:  Out of memory (allocated 31457280) (tried to allocate 2097152 bytes) in /workspaces/UX221Assignment4/.wordpress/wp-content/plugins/ecommerce-product-catalog/ext-comp/index.php on line 34
[02-Apr-2025 20:29:07 UTC] PHP Fatal error:  Out of memory (allocated 31457280) (tried to allocate 2097152 bytes) in /workspaces/UX221Assignment4/.wordpress/wp-content/plugins/ecommerce-product-catalog/ext-comp/index.php on line 34
[02-Apr-2025 20:32:42 UTC] PHP Fatal error:  Out of memory (allocated 31457280) (tried to allocate 2097152 bytes) in /workspaces/UX221Assignment4/.wordpress/wp-content/plugins/ecommerce-product-catalog/ext-comp/index.php on line 34
[02-Apr-2025 20:32:45 UTC] PHP Fatal error:  Out of memory (allocated 31457280) (tried to allocate 2097152 bytes) in /workspaces/UX221Assignment4/.wordpress/wp-content/plugins/ecommerce-product-catalog/ext-comp/index.php on line 34
[02-Apr-2025 20:40:48 UTC] PHP Fatal error:  Out of memory (allocated 31457280) (tried to allocate 2097152 bytes) in /workspaces/UX221Assignment4/.wordpress/wp-content/plugins/ecommerce-product-catalog/ext-comp/index.php on line 34
[02-Apr-2025 20:40:50 UTC] PHP Fatal error:  Out of memory (allocated 31457280) (tried to allocate 2097152 bytes) in /workspaces/UX221Assignment4/.wordpress/wp-content/plugins/ecommerce-product-catalog/ext-comp/index.php on line 34
[02-Apr-2025 20:40:57 UTC] PHP Fatal error:  Out of memory (allocated 31457280) (tried to allocate 2097152 bytes) in /workspaces/UX221Assignment4/.wordpress/wp-content/plugins/ecommerce-product-catalog/functions/functions.php on line 1210
[02-Apr-2025 20:42:15 UTC] PHP Fatal error:  Out of memory (allocated 31457280) (tried to allocate 2097152 bytes) in /workspaces/UX221Assignment4/.wordpress/wp-content/plugins/ecommerce-product-catalog/ext-comp/index.php on line 34
[02-Apr-2025 20:43:36 UTC] PHP Fatal error:  Out of memory (allocated 31457280) (tried to allocate 2097152 bytes) in /workspaces/UX221Assignment4/.wordpress/wp-content/plugins/ecommerce-product-catalog/ext-comp/index.php on line 34
[02-Apr-2025 20:45:38 UTC] PHP Fatal error:  Out of memory (allocated 31457280) (tried to allocate 2097152 bytes) in /workspaces/UX221Assignment4/.wordpress/wp-content/plugins/ecommerce-product-catalog/ext-comp/index.php on line 34
[02-Apr-2025 20:50:33 UTC] PHP Fatal error:  Out of memory (allocated 31457280) (tried to allocate 2097152 bytes) in /workspaces/UX221Assignment4/.wordpress/wp-content/plugins/ecommerce-product-catalog/ext-comp/index.php on line 34
[02-Apr-2025 20:54:16 UTC] PHP Fatal error:  Out of memory (allocated 31457280) (tried to allocate 2097152 bytes) in /workspaces/UX221Assignment4/.wordpress/wp-content/plugins/ecommerce-product-catalog/ext-comp/index.php on line 34
[02-Apr-2025 20:54:27 UTC] PHP Fatal error:  Out of memory (allocated 31457280) (tried to allocate 2097152 bytes) in /workspaces/UX221Assignment4/.wordpress/wp-content/plugins/ecommerce-product-catalog/ext-comp/index.php on line 34
[02-Apr-2025 20:55:23 UTC] PHP Fatal error:  Out of memory (allocated 31457280) (tried to allocate 2097152 bytes) in /workspaces/UX221Assignment4/.wordpress/wp-content/plugins/ecommerce-product-catalog/ext-comp/index.php on line 34
[02-Apr-2025 20:56:49 UTC] PHP Fatal error:  Out of memory (allocated 31457280) (tried to allocate 2097152 bytes) in /workspaces/UX221Assignment4/.wordpress/wp-content/plugins/ecommerce-product-catalog/ext-comp/index.php on line 34
[02-Apr-2025 20:57:56 UTC] PHP Fatal error:  Out of memory (allocated 31457280) (tried to allocate 2097152 bytes) in /workspaces/UX221Assignment4/.wordpress/wp-content/plugins/ecommerce-product-catalog/ext-comp/index.php on line 34
[02-Apr-2025 20:59:12 UTC] PHP Fatal error:  Out of memory (allocated 31457280) (tried to allocate 2097152 bytes) in /workspaces/UX221Assignment4/.wordpress/wp-content/plugins/ecommerce-product-catalog/ext-comp/index.php on line 34
[02-Apr-2025 21:07:45 UTC] PHP Fatal error:  Out of memory (allocated 31457280) (tried to allocate 2097152 bytes) in /workspaces/UX221Assignment4/.wordpress/wp-content/plugins/ecommerce-product-catalog/ext-comp/index.php on line 34
[02-Apr-2025 21:08:12 UTC] PHP Fatal error:  Out of memory (allocated 31457280) (tried to allocate 2097152 bytes) in /workspaces/UX221Assignment4/.wordpress/wp-content/plugins/ecommerce-product-catalog/ext-comp/index.php on line 34
[02-Apr-2025 21:10:58 UTC] PHP Fatal error:  Out of memory (allocated 31457280) (tried to allocate 2097152 bytes) in /workspaces/UX221Assignment4/.wordpress/wp-content/plugins/ecommerce-product-catalog/ext-comp/index.php on line 34
[02-Apr-2025 21:11:49 UTC] PHP Fatal error:  Out of memory (allocated 31457280) (tried to allocate 2097152 bytes) in /workspaces/UX221Assignment4/.wordpress/wp-content/plugins/ecommerce-product-catalog/ext-comp/index.php on line 34
[02-Apr-2025 21:38:33 UTC] PHP Fatal error:  Out of memory (allocated 31457280) (tried to allocate 2097152 bytes) in /workspaces/UX221Assignment4/.wordpress/wp-content/plugins/ecommerce-product-catalog/ext-comp/index.php on line 34
[02-Apr-2025 21:42:01 UTC] PHP Fatal error:  Out of memory (allocated 31457280) (tried to allocate 2097152 bytes) in /workspaces/UX221Assignment4/.wordpress/wp-content/plugins/ecommerce-product-catalog/ext-comp/index.php on line 34
[02-Apr-2025 21:44:34 UTC] PHP Fatal error:  Out of memory (allocated 31457280) (tried to allocate 2097152 bytes) in /workspaces/UX221Assignment4/.wordpress/wp-content/plugins/ecommerce-product-catalog/ext-comp/index.php on line 34
[02-Apr-2025 22:13:28 UTC] PHP Fatal error:  Out of memory (allocated 31457280) (tried to allocate 2097152 bytes) in /workspaces/UX221Assignment4/.wordpress/wp-content/plugins/ecommerce-product-catalog/ext-comp/index.php on line 34
[02-Apr-2025 22:21:22 UTC] PHP Fatal error:  Out of memory (allocated 31457280) (tried to allocate 2097152 bytes) in /workspaces/UX221Assignment4/.wordpress/wp-content/plugins/ecommerce-product-catalog/ext-comp/index.php on line 34
[02-Apr-2025 22:32:25 UTC] PHP Fatal error:  Out of memory (allocated 31457280) (tried to allocate 2097152 bytes) in /workspaces/UX221Assignment4/.wordpress/wp-content/plugins/ecommerce-product-catalog/ext-comp/index.php on line 34
[03-Apr-2025 00:41:16 UTC] PHP Warning:  Undefined variable $parent_theme_name in /workspaces/UX221Assignment4/.wordpress/wp-content/mu-plugins/one-click-child-theme/templates/create_child_form.php on line 18
[03-Apr-2025 00:59:54 UTC] PHP Warning:  Undefined variable $parent_theme_name in /workspaces/UX221Assignment4/.wordpress/wp-content/mu-plugins/one-click-child-theme/templates/create_child_form.php on line 18
[03-Apr-2025 01:09:21 UTC] PHP Warning:  Undefined variable $parent_theme_name in /workspaces/UX221Assignment4/.wordpress/wp-content/mu-plugins/one-click-child-theme/templates/create_child_form.php on line 18
[03-Apr-2025 02:12:22 UTC] PHP Fatal error:  Out of memory (allocated 35651584) (tried to allocate 2097152 bytes) in /workspaces/UX221Assignment4/.wordpress/wp-content/plugins/ecommerce-product-catalog/functions/shortcodes.php on line 142
[03-Apr-2025 02:12:28 UTC] PHP Fatal error:  Out of memory (allocated 33554432) (tried to allocate 2097152 bytes) in /workspaces/UX221Assignment4/.wordpress/wp-content/plugins/ecommerce-product-catalog/functions/shortcodes.php on line 222
[03-Apr-2025 02:12:29 UTC] PHP Fatal error:  Out of memory (allocated 31457280) (tried to allocate 2097152 bytes) in /workspaces/UX221Assignment4/.wordpress/wp-content/plugins/ecommerce-product-catalog/functions/shortcodes.php on line 222
[03-Apr-2025 02:12:29 UTC] PHP Fatal error:  Out of memory (allocated 31457280) (tried to allocate 2097152 bytes) in /workspaces/UX221Assignment4/.wordpress/wp-content/plugins/ecommerce-product-catalog/functions/shortcodes.php on line 222
[03-Apr-2025 02:12:32 UTC] PHP Fatal error:  Out of memory (allocated 31457280) (tried to allocate 2097152 bytes) in /workspaces/UX221Assignment4/.wordpress/wp-content/plugins/ecommerce-product-catalog/functions/shortcodes.php on line 142
[03-Apr-2025 02:12:36 UTC] PHP Fatal error:  Out of memory (allocated 31457280) (tried to allocate 2097152 bytes) in /workspaces/UX221Assignment4/.wordpress/wp-content/plugins/ecommerce-product-catalog/functions/shortcodes.php on line 222
[03-Apr-2025 02:12:36 UTC] PHP Fatal error:  Out of memory (allocated 31457280) (tried to allocate 2097152 bytes) in /workspaces/UX221Assignment4/.wordpress/wp-content/plugins/ecommerce-product-catalog/functions/shortcodes.php on line 222
[03-Apr-2025 02:12:36 UTC] PHP Fatal error:  Out of memory (allocated 31457280) (tried to allocate 2097152 bytes) in /workspaces/UX221Assignment4/.wordpress/wp-content/plugins/ecommerce-product-catalog/functions/shortcodes.php on line 222
[03-Apr-2025 02:12:38 UTC] PHP Fatal error:  Out of memory (allocated 31457280) (tried to allocate 2097152 bytes) in /workspaces/UX221Assignment4/.wordpress/wp-content/plugins/ecommerce-product-catalog/functions/shortcodes.php on line 222
[03-Apr-2025 02:12:38 UTC] PHP Fatal error:  Out of memory (allocated 31457280) (tried to allocate 2097152 bytes) in /workspaces/UX221Assignment4/.wordpress/wp-content/plugins/ecommerce-product-catalog/functions/functions.php on line 581
[03-Apr-2025 02:13:13 UTC] PHP Fatal error:  Out of memory (allocated 31457280) (tried to allocate 2097152 bytes) in /workspaces/UX221Assignment4/.wordpress/wp-content/plugins/ecommerce-product-catalog/functions/functions.php on line 581
